0 info it worked if it ends with ok
1 verbose cli [ 'C:\\Program Files\\nodejs\\node.exe',
1 verbose cli   'C:\\Program Files\\nodejs\\node_modules\\npm\\bin\\npm-cli.js',
1 verbose cli   'install',
1 verbose cli   'npm-container' ]
2 info using npm@2.14.4
3 info using node@v4.1.1
4 verbose install initial load of C:\POCintegration\appint\package.json
5 verbose installManyTop reading scoped package data from C:\POCintegration\appint\node_modules\http\package.json
6 info package.json http@0.0.0 http is also the name of a node core module.
7 info package.json http@0.0.0 No description
8 info package.json http@0.0.0 No repository field.
9 info package.json http@0.0.0 No README data
10 verbose readDependencies loading dependencies from C:\POCintegration\appint\package.json
11 silly cache add args [ 'npm-container', null ]
12 verbose cache add spec npm-container
13 silly cache add parsed spec Result {
13 silly cache add   raw: 'npm-container',
13 silly cache add   scope: null,
13 silly cache add   name: 'npm-container',
13 silly cache add   rawSpec: '',
13 silly cache add   spec: '*',
13 silly cache add   type: 'range' }
14 silly addNamed npm-container@*
15 verbose addNamed "*" is a valid semver range for npm-container
16 silly addNameRange { name: 'npm-container', range: '*', hasData: false }
17 silly mapToRegistry name npm-container
18 silly mapToRegistry using default registry
19 silly mapToRegistry registry https://registry.npmjs.org/
20 silly mapToRegistry uri https://registry.npmjs.org/npm-container
21 verbose addNameRange registry:https://registry.npmjs.org/npm-container not in flight; fetching
22 verbose request uri https://registry.npmjs.org/npm-container
23 verbose request no auth needed
24 info attempt registry request try #1 at 1:26:36 AM
25 verbose request id 34bd90fae3267128
26 http request GET https://registry.npmjs.org/npm-container
27 http 404 https://registry.npmjs.org/npm-container
28 verbose headers { 'content-type': 'application/json',
28 verbose headers   'cache-control': 'max-age=0',
28 verbose headers   'content-length': '2',
28 verbose headers   'accept-ranges': 'bytes',
28 verbose headers   date: 'Sat, 05 Dec 2015 19:56:36 GMT',
28 verbose headers   via: '1.1 varnish',
28 verbose headers   age: '0',
28 verbose headers   connection: 'keep-alive',
28 verbose headers   'x-served-by': 'cache-dfw1826-DFW',
28 verbose headers   'x-cache': 'MISS',
28 verbose headers   'x-cache-hits': '0',
28 verbose headers   'x-timer': 'S1449345396.196725,VS0,VE276' }
29 silly get cb [ 404,
29 silly get   { 'content-type': 'application/json',
29 silly get     'cache-control': 'max-age=0',
29 silly get     'content-length': '2',
29 silly get     'accept-ranges': 'bytes',
29 silly get     date: 'Sat, 05 Dec 2015 19:56:36 GMT',
29 silly get     via: '1.1 varnish',
29 silly get     age: '0',
29 silly get     connection: 'keep-alive',
29 silly get     'x-served-by': 'cache-dfw1826-DFW',
29 silly get     'x-cache': 'MISS',
29 silly get     'x-cache-hits': '0',
29 silly get     'x-timer': 'S1449345396.196725,VS0,VE276' } ]
30 verbose stack Error: Registry returned 404 for GET on https://registry.npmjs.org/npm-container
30 verbose stack     at makeError (C:\Program Files\nodejs\node_modules\npm\node_modules\npm-registry-client\lib\request.js:263:12)
30 verbose stack     at CachingRegistryClient.<anonymous> (C:\Program Files\nodejs\node_modules\npm\node_modules\npm-registry-client\lib\request.js:241:14)
30 verbose stack     at Request._callback (C:\Program Files\nodejs\node_modules\npm\node_modules\npm-registry-client\lib\request.js:171:14)
30 verbose stack     at Request.self.callback (C:\Program Files\nodejs\node_modules\npm\node_modules\request\request.js:198:22)
30 verbose stack     at emitTwo (events.js:87:13)
30 verbose stack     at Request.emit (events.js:172:7)
30 verbose stack     at Request.<anonymous> (C:\Program Files\nodejs\node_modules\npm\node_modules\request\request.js:1073:14)
30 verbose stack     at emitOne (events.js:82:20)
30 verbose stack     at Request.emit (events.js:169:7)
30 verbose stack     at IncomingMessage.<anonymous> (C:\Program Files\nodejs\node_modules\npm\node_modules\request\request.js:1019:12)
31 verbose statusCode 404
32 verbose pkgid npm-container
33 verbose cwd C:\POCintegration\appint
34 error Windows_NT 6.3.9600
35 error argv "C:\\Program Files\\nodejs\\node.exe" "C:\\Program Files\\nodejs\\node_modules\\npm\\bin\\npm-cli.js" "install" "npm-container"
36 error node v4.1.1
37 error npm  v2.14.4
38 error code E404
39 error 404 Registry returned 404 for GET on https://registry.npmjs.org/npm-container
39 error 404
39 error 404 'npm-container' is not in the npm registry.
39 error 404 You should bug the author to publish it (or use the name yourself!)
39 error 404
39 error 404 Note that you can also install from a
39 error 404 tarball, folder, http url, or git url.
40 verbose exit [ 1, true ]
